<?xml version="1.0" encoding="UTF-8"?>
<!-- Generated by org.testng.reporters.JUnitReportReporter -->
<testsuite ignored="0" hostname="DESKTOP-DKBDK62" failures="0" tests="1" name="NewTest" time="6.117" errors="0" timestamp="21 ago. 2021 15:46:57 GMT" skipped="0">
  <testcase classname="NewTest" name="f" time="6.117"/>
</testsuite> <!-- NewTest -->
