<?xml version="1.0" encoding="UTF-8"?>
<!-- Generated by org.testng.reporters.JUnitReportReporter -->
<testsuite ignored="0" hostname="DESKTOP-DKBDK62" failures="0" tests="1" name="NewTest" time="8.720" errors="0" timestamp="21 ago. 2021 18:51:38 GMT" skipped="0">
  <testcase classname="NewTest" name="f" time="8.720"/>
</testsuite> <!-- NewTest -->
